<?xml version="1.0"?>

<!DOCTYPE suppressions PUBLIC
        "-//Puppy Crawl//DTD Suppressions 1.1//EN"
        "http://www.puppycrawl.com/dtds/suppressions_1_1.dtd">

<suppressions>
    <suppress checks="JavadocStyleCheck" files="src[\\/]test[\\/]"/>
    <suppress checks="JavadocStyleCheck" files="src[\\/]integration-test[\\/]"/>
    <suppress checks="JavadocMethod" files="src[\\/]test[/\\]"/>
    <suppress checks="JavadocMethod" files="src[\\/]integration-test[\\/]"/>
    <suppress checks="JavadocType" files="src[\\/]test[/\\]"/>
    <suppress checks="JavadocType" files="src[\\/]integration-test[/\\]"/>
    <suppress checks="JavadocStyle" files="src[\\/]test[/\\]"/>
    <suppress checks="JavadocStyle" files="src[\\/]integration-test[/\\]"/>
    <suppress checks="MagicNumberCheck" files="src[\\/]test[/\\]"/>
    <suppress checks="MagicNumberCheck" files="src[\\/]integration-test[/\\]"/>

    <suppress checks=".*" files="src[\\/]integration-test[\\/].*[\\/]model"/>
</suppressions>